<?xml version="1.0" encoding="UTF-8"?>
<testng-results ignored="0" total="1" passed="1" failed="0" skipped="0">
  <reporter-output>
  </reporter-output>
  <suite started-at="2023-05-31T13:01:13 EDT" name="Default suite" finished-at="2023-05-31T13:01:22 EDT" duration-ms="8313">
    <groups>
    </groups>
    <test started-at="2023-05-31T13:01:13 EDT" name="Default test" finished-at="2023-05-31T13:01:22 EDT" duration-ms="8313">
      <class name="package2.ValidatePostRequest">
        <test-method signature="dataBasetesting()[pri:0, instance:package2.ValidatePostRequest@291ae]" started-at="2023-05-31T13:01:13 EDT" name="dataBasetesting" finished-at="2023-05-31T13:01:22 EDT" duration-ms="8280" status="PASS">
          <reporter-output>
          </reporter-output>
        </test-method> <!-- dataBasetesting -->
      </class> <!-- package2.ValidatePostRequest -->
    </test> <!-- Default test -->
  </suite> <!-- Default suite -->
</testng-results>
