<?xml version="1.0" encoding="UTF-8"?>
<!-- Generated by org.testng.reporters.JUnitXMLReporter -->
<testsuite ignored="1" hostname="Abderrahmens-MacBook-Pro.local" failures="0" tests="2" name="LoginTest" time="0.02" errors="0" timestamp="15 Apr 2023 20:57:46 GMT">
  <testcase classname="listeners.LoginTest" name="loginByEmail" time="0.006"/>
  <testcase classname="listeners.LoginTest" name="loginByInsragram" time="0.001"/>
  <testcase classname="listeners.LoginTest" name="loginByFacebook" time="0.0">
    <ignored/>
  </testcase> <!-- loginByFacebook -->
</testsuite> <!-- LoginTest -->
