<?xml version="1.0" encoding="UTF-8"?>
<testsuite xmlns:xsi="http://www.w3.org/2001/XMLSchema-instance" xsi:noNamespaceSchemaLocation="https://maven.apache.org/surefire/maven-surefire-plugin/xsd/surefire-test-report.xsd" name="TestSuite" time="215.412" tests="17" errors="0" skipped="14" failures="2">
  <properties>
[...]
</properties>
  <testcase name="EnterAllCredantials" classname="com.rediff.qa.testbase.CreateAccountTestCase" time="0.225">
    <failure type="java.lang.AssertionError:">java.lang.AssertionError: 
	at com.rediff.qa.testbase.CreateAccountTestCase.EnterAllCredantials(CreateAccountTestCase.java:46)
</failure>
    <system-out><![CDATA[[DEBUG] Using SLF4J as the default logging framework
[DEBUG] -Dio.netty.leakDetection.level: simple
[DEBUG] -Dio.netty.leakDetection.targetRecords: 4
[DEBUG] Loaded default ResourceLeakDetector: io.netty.util.ResourceLeakDetector@25f4878b
[DEBUG] -Dio.netty.noUnsafe: false
[DEBUG] Java version: 20
[DEBUG] sun.misc.Unsafe.theUnsafe: available
[DEBUG] sun.misc.Unsafe.copyMemory: available
[DEBUG] sun.misc.Unsafe.storeFence: available
[DEBUG] java.nio.Buffer.address: available
[DEBUG] direct buffer constructor: unavailable: Reflective setAccessible(true) disabled
[DEBUG] java.nio.Bits.unaligned: available, true
[DEBUG] jdk.internal.misc.Unsafe.allocateUninitializedArray(int): unavailable: class io.netty.util.internal.PlatformDependent0$7 cannot access class jdk.internal.misc.Unsafe (in module java.base) because module java.base does not export jdk.internal.misc to unnamed module @b6ba78c
[DEBUG] java.nio.DirectByteBuffer.<init>(long, int): unavailable
[DEBUG] sun.misc.Unsafe: available
[DEBUG] maxDirectMemory: 4294967296 bytes (maybe)
[DEBUG] -Dio.netty.tmpdir: /var/folders/0j/z18n982j24dg_ymf_yqfvy680000gn/T (java.io.tmpdir)
[DEBUG] -Dio.netty.bitMode: 64 (sun.arch.data.model)
[DEBUG] Platform: MacOS
[DEBUG] -Dio.netty.maxDirectMemory: -1 bytes
[DEBUG] -Dio.netty.uninitializedArrayAllocationThreshold: -1
[DEBUG] java.nio.ByteBuffer.cleaner(): available
[DEBUG] -Dio.netty.noPreferDirect: false
[DEBUG] org.jctools-core.MpscChunkedArrayQueue: available
[DEBUG] -Dio.netty.threadLocalMap.stringBuilder.initialSize: 1024
[DEBUG] -Dio.netty.threadLocalMap.stringBuilder.maxSize: 4096
[DEBUG] Default protocols (JDK): [TLSv1.3, TLSv1.2] 
[DEBUG] Default cipher suites (JDK): [TLS_ECDHE_ECDSA_WITH_AES_256_GCM_SHA384, TLS_ECDHE_ECDSA_WITH_AES_128_GCM_SHA256, TLS_ECDHE_RSA_WITH_AES_128_GCM_SHA256, TLS_ECDHE_RSA_WITH_AES_256_GCM_SHA384, TLS_ECDHE_RSA_WITH_AES_128_CBC_SHA, TLS_ECDHE_RSA_WITH_AES_256_CBC_SHA, TLS_RSA_WITH_AES_128_GCM_SHA256, TLS_RSA_WITH_AES_128_CBC_SHA, TLS_RSA_WITH_AES_256_CBC_SHA, TLS_AES_128_GCM_SHA256, TLS_AES_256_GCM_SHA384]
[DEBUG] -Dio.netty.globalEventExecutor.quietPeriodSeconds: 1
[DEBUG] -Dio.netty.eventLoopThreads: 32
[DEBUG] -Dio.netty.noKeySetOptimization: false
[DEBUG] -Dio.netty.selectorAutoRebuildThreshold: 512
[DEBUG] -Dio.netty.allocator.numHeapArenas: 32
[DEBUG] -Dio.netty.allocator.numDirectArenas: 32
[DEBUG] -Dio.netty.allocator.pageSize: 8192
[DEBUG] -Dio.netty.allocator.maxOrder: 9
[DEBUG] -Dio.netty.allocator.chunkSize: 4194304
[DEBUG] -Dio.netty.allocator.smallCacheSize: 256
[DEBUG] -Dio.netty.allocator.normalCacheSize: 64
[DEBUG] -Dio.netty.allocator.maxCachedBufferCapacity: 32768
[DEBUG] -Dio.netty.allocator.cacheTrimInterval: 8192
[DEBUG] -Dio.netty.allocator.cacheTrimIntervalMillis: 0
[DEBUG] -Dio.netty.allocator.useCacheForAllThreads: false
[DEBUG] -Dio.netty.allocator.maxCachedByteBuffersPerChunk: 1023
[DEBUG] -Dio.netty.allocator.type: pooled
[DEBUG] -Dio.netty.threadLocalDirectBufferSize: 0
[DEBUG] -Dio.netty.maxThreadLocalCharBufferSize: 16384
[DEBUG] -Dio.netty.processId: 88590 (auto-detected)
[DEBUG] -Djava.net.preferIPv4Stack: false
[DEBUG] -Djava.net.preferIPv6Addresses: false
[DEBUG] Loopback interface: lo0 (lo0, 0:0:0:0:0:0:0:1%lo0)
[DEBUG] Failed to get SOMAXCONN from sysctl and file /proc/sys/net/core/somaxconn. Default: 128
[DEBUG] -Dio.netty.machineId: 14:7d:da:ff:fe:36:da:8a (auto-detected)
[DEBUG] -Dio.netty.buffer.checkAccessible: true
[DEBUG] -Dio.netty.buffer.checkBounds: true
[DEBUG] Loaded default ResourceLeakDetector: io.netty.util.ResourceLeakDetector@2bf65815
[DEBUG] Using new Channel '[id: 0x32589a0b, L:/127.0.0.1:61454 - R:localhost/127.0.0.1:4185]' for 'POST' to '/session'
[DEBUG] -Dio.netty.recycler.maxCapacityPerThread: 4096
[DEBUG] -Dio.netty.recycler.ratio: 8
[DEBUG] -Dio.netty.recycler.chunkSize: 32
[DEBUG] -Dio.netty.recycler.blocking: false
[DEBUG] -Dio.netty.recycler.batchFastThreadLocalOnly: true
[DEBUG] brotli4j not in the classpath; Brotli support will be unavailable.
[DEBUG] 

Request DefaultHttpRequest(decodeResult: success, version: HTTP/1.1)
POST /session HTTP/1.1
User-Agent: selenium/4.8.3 (java mac)
Content-Length: 439
Content-Type: application/json; charset=utf-8
host: localhost:4185
accept: */*

Response DefaultHttpResponse(decodeResult: success, version: HTTP/1.1)
HTTP/1.1 200 OK
Content-Length: 869
Content-Type: application/json; charset=utf-8
cache-control: no-cache

[DEBUG] Adding key: http://localhost:4185 for channel [id: 0x32589a0b, L:/127.0.0.1:61454 - R:localhost/127.0.0.1:4185]
[DEBUG] Using new Channel '[id: 0xdc394800, L:/127.0.0.1:61459 - R:localhost/127.0.0.1:61455]' for 'GET' to '/json/version'
[DEBUG] 

Request DefaultFullHttpRequest(decodeResult: success, version: HTTP/1.1, content: EmptyByteBufBE)
GET /json/version HTTP/1.1
User-Agent: selenium/4.8.3 (java mac)
host: localhost:61455
accept: */*

Response DefaultHttpResponse(decodeResult: success, version: HTTP/1.1)
HTTP/1.1 200 OK
Content-Security-Policy: frame-ancestors 'none'
Content-Length: 422
Content-Type: application/json; charset=UTF-8

[DEBUG] Adding key: http://localhost:61455 for channel [id: 0xdc394800, L:/127.0.0.1:61459 - R:localhost/127.0.0.1:61455]
[DEBUG] -Dio.netty.initialSeedUniquifier: 0xc28f699783c97616
[DEBUG] Using new Channel '[id: 0x1a9b8768, L:/127.0.0.1:61460 - R:localhost/127.0.0.1:61455]' for 'GET' to '/devtools/browser/3d13a8b0-0e4f-48a0-908a-415d9634ae53'
[DEBUG] 

Request DefaultFullHttpRequest(decodeResult: success, version: HTTP/1.1, content: EmptyByteBufBE)
GET /devtools/browser/3d13a8b0-0e4f-48a0-908a-415d9634ae53 HTTP/1.1
upgrade: websocket
connection: upgrade
sec-websocket-key: vKcPhpFTGXzpYZzqjWkFtQ==
sec-websocket-version: 13
origin: http://localhost:61455
host: localhost:61455
accept: */*
user-agent: AHC/2.1

Response DefaultHttpResponse(decodeResult: success, version: HTTP/1.1)
HTTP/1.1 101 WebSocket Protocol Handshake
Upgrade: WebSocket
Connection: Upgrade
Sec-WebSocket-Accept: 60kVh0Br020385pXQNNcwd6E4qY=

[DEBUG] Using new Channel '[id: 0x86962230, L:/127.0.0.1:61463 - R:localhost/127.0.0.1:12966]' for 'POST' to '/session'
[DEBUG] Entry count for : http://localhost:4185 : 1
[DEBUG] Entry count for : http://localhost:61455 : 1
[DEBUG] 

Request DefaultHttpRequest(decodeResult: success, version: HTTP/1.1)
POST /session HTTP/1.1
User-Agent: selenium/4.8.3 (java mac)
Content-Length: 439
Content-Type: application/json; charset=utf-8
host: localhost:12966
accept: */*

Response DefaultHttpResponse(decodeResult: success, version: HTTP/1.1)
HTTP/1.1 200 OK
Content-Length: 869
Content-Type: application/json; charset=utf-8
cache-control: no-cache

[DEBUG] Adding key: http://localhost:12966 for channel [id: 0x86962230, L:/127.0.0.1:61463 - R:localhost/127.0.0.1:12966]
[DEBUG] Using new Channel '[id: 0x1c29f846, L:/127.0.0.1:61468 - R:localhost/127.0.0.1:61464]' for 'GET' to '/json/version'
[DEBUG] 

Request DefaultFullHttpRequest(decodeResult: success, version: HTTP/1.1, content: EmptyByteBufBE)
GET /json/version HTTP/1.1
User-Agent: selenium/4.8.3 (java mac)
host: localhost:61464
accept: */*

Response DefaultHttpResponse(decodeResult: success, version: HTTP/1.1)
HTTP/1.1 200 OK
Content-Security-Policy: frame-ancestors 'none'
Content-Length: 422
Content-Type: application/json; charset=UTF-8

[DEBUG] Adding key: http://localhost:61464 for channel [id: 0x1c29f846, L:/127.0.0.1:61468 - R:localhost/127.0.0.1:61464]
[DEBUG] Using new Channel '[id: 0x3f3fae6c, L:/127.0.0.1:61469 - R:localhost/127.0.0.1:61464]' for 'GET' to '/devtools/browser/a40b6f37-ae14-4a26-b4ed-24951554df66'
[DEBUG] 

Request DefaultFullHttpRequest(decodeResult: success, version: HTTP/1.1, content: EmptyByteBufBE)
GET /devtools/browser/a40b6f37-ae14-4a26-b4ed-24951554df66 HTTP/1.1
upgrade: websocket
connection: upgrade
sec-websocket-key: ZWB4RWWjUndp9xygppXmiw==
sec-websocket-version: 13
origin: http://localhost:61464
host: localhost:61464
accept: */*
user-agent: AHC/2.1

Response DefaultHttpResponse(decodeResult: success, version: HTTP/1.1)
HTTP/1.1 101 WebSocket Protocol Handshake
Upgrade: WebSocket
Connection: Upgrade
Sec-WebSocket-Accept: 61G06gtrAop/ZuTbLp2jz72zRHM=

[DEBUG] Using pooled Channel '[id: 0x86962230, L:/127.0.0.1:61463 - R:localhost/127.0.0.1:12966]' for 'DELETE' to 'http://localhost:12966/session/7063386599e22b62b404525568c1ceee/cookie'
[DEBUG] Using open Channel [id: 0x86962230, L:/127.0.0.1:61463 - R:localhost/127.0.0.1:12966] for DELETE '/session/7063386599e22b62b404525568c1ceee/cookie'
[DEBUG] 

Request DefaultFullHttpRequest(decodeResult: success, version: HTTP/1.1, content: EmptyByteBufBE)
DELETE /session/7063386599e22b62b404525568c1ceee/cookie HTTP/1.1
User-Agent: selenium/4.8.3 (java mac)
Content-Type: application/json; charset=utf-8
host: localhost:12966
accept: */*

Response DefaultHttpResponse(decodeResult: success, version: HTTP/1.1)
HTTP/1.1 200 OK
Content-Length: 14
Content-Type: application/json; charset=utf-8
cache-control: no-cache

[DEBUG] Adding key: http://localhost:12966 for channel [id: 0x86962230, L:/127.0.0.1:61463 - R:localhost/127.0.0.1:12966]
[DEBUG] Using pooled Channel '[id: 0x86962230, L:/127.0.0.1:61463 - R:localhost/127.0.0.1:12966]' for 'POST' to 'http://localhost:12966/session/7063386599e22b62b404525568c1ceee/timeouts'
[DEBUG] Using open Channel [id: 0x86962230, L:/127.0.0.1:61463 - R:localhost/127.0.0.1:12966] for POST '/session/7063386599e22b62b404525568c1ceee/timeouts'
[DEBUG] 

Request DefaultHttpRequest(decodeResult: success, version: HTTP/1.1)
POST /session/7063386599e22b62b404525568c1ceee/timeouts HTTP/1.1
User-Agent: selenium/4.8.3 (java mac)
Content-Length: 23
Content-Type: application/json; charset=utf-8
host: localhost:12966
accept: */*

Response DefaultHttpResponse(decodeResult: success, version: HTTP/1.1)
HTTP/1.1 200 OK
Content-Length: 14
Content-Type: application/json; charset=utf-8
cache-control: no-cache

[DEBUG] Adding key: http://localhost:12966 for channel [id: 0x86962230, L:/127.0.0.1:61463 - R:localhost/127.0.0.1:12966]
[DEBUG] Using pooled Channel '[id: 0x86962230, L:/127.0.0.1:61463 - R:localhost/127.0.0.1:12966]' for 'POST' to 'http://localhost:12966/session/7063386599e22b62b404525568c1ceee/timeouts'
[DEBUG] Using open Channel [id: 0x86962230, L:/127.0.0.1:61463 - R:localhost/127.0.0.1:12966] for POST '/session/7063386599e22b62b404525568c1ceee/timeouts'
[DEBUG] 

Request DefaultHttpRequest(decodeResult: success, version: HTTP/1.1)
POST /session/7063386599e22b62b404525568c1ceee/timeouts HTTP/1.1
User-Agent: selenium/4.8.3 (java mac)
Content-Length: 23
Content-Type: application/json; charset=utf-8
host: localhost:12966
accept: */*

Response DefaultHttpResponse(decodeResult: success, version: HTTP/1.1)
HTTP/1.1 200 OK
Content-Length: 14
Content-Type: application/json; charset=utf-8
cache-control: no-cache

[DEBUG] Adding key: http://localhost:12966 for channel [id: 0x86962230, L:/127.0.0.1:61463 - R:localhost/127.0.0.1:12966]
[DEBUG] Using pooled Channel '[id: 0x86962230, L:/127.0.0.1:61463 - R:localhost/127.0.0.1:12966]' for 'POST' to 'http://localhost:12966/session/7063386599e22b62b404525568c1ceee/timeouts'
[DEBUG] Using open Channel [id: 0x86962230, L:/127.0.0.1:61463 - R:localhost/127.0.0.1:12966] for POST '/session/7063386599e22b62b404525568c1ceee/timeouts'
[DEBUG] 

Request DefaultHttpRequest(decodeResult: success, version: HTTP/1.1)
POST /session/7063386599e22b62b404525568c1ceee/timeouts HTTP/1.1
User-Agent: selenium/4.8.3 (java mac)
Content-Length: 22
Content-Type: application/json; charset=utf-8
host: localhost:12966
accept: */*

Response DefaultHttpResponse(decodeResult: success, version: HTTP/1.1)
HTTP/1.1 200 OK
Content-Length: 14
Content-Type: application/json; charset=utf-8
cache-control: no-cache

[DEBUG] Adding key: http://localhost:12966 for channel [id: 0x86962230, L:/127.0.0.1:61463 - R:localhost/127.0.0.1:12966]
[DEBUG] Using pooled Channel '[id: 0x86962230, L:/127.0.0.1:61463 - R:localhost/127.0.0.1:12966]' for 'POST' to 'http://localhost:12966/session/7063386599e22b62b404525568c1ceee/url'
[DEBUG] Using open Channel [id: 0x86962230, L:/127.0.0.1:61463 - R:localhost/127.0.0.1:12966] for POST '/session/7063386599e22b62b404525568c1ceee/url'
[DEBUG] Entry count for : http://localhost:61464 : 1
[DEBUG] Entry count for : http://localhost:4185 : 1
[DEBUG] Entry count for : http://localhost:61455 : 1
[DEBUG] Entry count for : http://localhost:61464 : 1
[DEBUG] Entry count for : http://localhost:4185 : 1
[DEBUG] Entry count for : http://localhost:61455 : 1
[DEBUG] Entry count for : http://localhost:61464 : 1
[DEBUG] Entry count for : http://localhost:4185 : 1
[DEBUG] Entry count for : http://localhost:61455 : 1
[DEBUG] Entry count for : http://localhost:61464 : 1
[DEBUG] Entry count for : http://localhost:4185 : 1
[DEBUG] Entry count for : http://localhost:61455 : 1
[DEBUG] Entry count for : http://localhost:61464 : 1
[DEBUG] Entry count for : http://localhost:4185 : 1
[DEBUG] Entry count for : http://localhost:61455 : 1
[DEBUG] 

Request DefaultHttpRequest(decodeResult: success, version: HTTP/1.1)
POST /session/7063386599e22b62b404525568c1ceee/url HTTP/1.1
User-Agent: selenium/4.8.3 (java mac)
Content-Length: 53
Content-Type: application/json; charset=utf-8
host: localhost:12966
accept: */*

Response DefaultHttpResponse(decodeResult: success, version: HTTP/1.1)
HTTP/1.1 200 OK
Content-Length: 14
Content-Type: application/json; charset=utf-8
cache-control: no-cache

[DEBUG] Adding key: http://localhost:12966 for channel [id: 0x86962230, L:/127.0.0.1:61463 - R:localhost/127.0.0.1:12966]
[DEBUG] Using pooled Channel '[id: 0x86962230, L:/127.0.0.1:61463 - R:localhost/127.0.0.1:12966]' for 'POST' to 'http://localhost:12966/session/7063386599e22b62b404525568c1ceee/element'
[DEBUG] Using open Channel [id: 0x86962230, L:/127.0.0.1:61463 - R:localhost/127.0.0.1:12966] for POST '/session/7063386599e22b62b404525568c1ceee/element'
[DEBUG] 

Request DefaultHttpRequest(decodeResult: success, version: HTTP/1.1)
POST /session/7063386599e22b62b404525568c1ceee/element HTTP/1.1
User-Agent: selenium/4.8.3 (java mac)
Content-Length: 55
Content-Type: application/json; charset=utf-8
host: localhost:12966
accept: */*

Response DefaultHttpResponse(decodeResult: success, version: HTTP/1.1)
HTTP/1.1 200 OK
Content-Length: 88
Content-Type: application/json; charset=utf-8
cache-control: no-cache

[DEBUG] Adding key: http://localhost:12966 for channel [id: 0x86962230, L:/127.0.0.1:61463 - R:localhost/127.0.0.1:12966]
[DEBUG] Using pooled Channel '[id: 0x86962230, L:/127.0.0.1:61463 - R:localhost/127.0.0.1:12966]' for 'POST' to 'http://localhost:12966/session/7063386599e22b62b404525568c1ceee/element/f574ede1-f2b8-44f1-9e88-c22dd0d12f21/click'
[DEBUG] Using open Channel [id: 0x86962230, L:/127.0.0.1:61463 - R:localhost/127.0.0.1:12966] for POST '/session/7063386599e22b62b404525568c1ceee/element/f574ede1-f2b8-44f1-9e88-c22dd0d12f21/click'
[DEBUG] Entry count for : http://localhost:61464 : 1
[DEBUG] Entry count for : http://localhost:4185 : 1
[DEBUG] Entry count for : http://localhost:61455 : 1
[DEBUG] Entry count for : http://localhost:61464 : 1
[DEBUG] Entry count for : http://localhost:4185 : 1
[DEBUG] Entry count for : http://localhost:61455 : 1
[DEBUG] 

Request DefaultHttpRequest(decodeResult: success, version: HTTP/1.1)
POST /session/7063386599e22b62b404525568c1ceee/element/f574ede1-f2b8-44f1-9e88-c22dd0d12f21/click HTTP/1.1
User-Agent: selenium/4.8.3 (java mac)
Content-Length: 50
Content-Type: application/json; charset=utf-8
host: localhost:12966
accept: */*

Response DefaultHttpResponse(decodeResult: success, version: HTTP/1.1)
HTTP/1.1 200 OK
Content-Length: 14
Content-Type: application/json; charset=utf-8
cache-control: no-cache

[DEBUG] Adding key: http://localhost:12966 for channel [id: 0x86962230, L:/127.0.0.1:61463 - R:localhost/127.0.0.1:12966]
[DEBUG] Using pooled Channel '[id: 0x86962230, L:/127.0.0.1:61463 - R:localhost/127.0.0.1:12966]' for 'POST' to 'http://localhost:12966/session/7063386599e22b62b404525568c1ceee/element'
[DEBUG] Using open Channel [id: 0x86962230, L:/127.0.0.1:61463 - R:localhost/127.0.0.1:12966] for POST '/session/7063386599e22b62b404525568c1ceee/element'
[DEBUG] 

Request DefaultHttpRequest(decodeResult: success, version: HTTP/1.1)
POST /session/7063386599e22b62b404525568c1ceee/element HTTP/1.1
User-Agent: selenium/4.8.3 (java mac)
Content-Length: 81
Content-Type: application/json; charset=utf-8
host: localhost:12966
accept: */*

Response DefaultHttpResponse(decodeResult: success, version: HTTP/1.1)
HTTP/1.1 200 OK
Content-Length: 88
Content-Type: application/json; charset=utf-8
cache-control: no-cache

[DEBUG] Adding key: http://localhost:12966 for channel [id: 0x86962230, L:/127.0.0.1:61463 - R:localhost/127.0.0.1:12966]
[DEBUG] Using pooled Channel '[id: 0x86962230, L:/127.0.0.1:61463 - R:localhost/127.0.0.1:12966]' for 'POST' to 'http://localhost:12966/session/7063386599e22b62b404525568c1ceee/element/eab95d08-4923-4385-a5b4-4fad93a0779a/value'
[DEBUG] Using open Channel [id: 0x86962230, L:/127.0.0.1:61463 - R:localhost/127.0.0.1:12966] for POST '/session/7063386599e22b62b404525568c1ceee/element/eab95d08-4923-4385-a5b4-4fad93a0779a/value'
[DEBUG] 

Request DefaultHttpRequest(decodeResult: success, version: HTTP/1.1)
POST /session/7063386599e22b62b404525568c1ceee/element/eab95d08-4923-4385-a5b4-4fad93a0779a/value HTTP/1.1
User-Agent: selenium/4.8.3 (java mac)
Content-Length: 181
Content-Type: application/json; charset=utf-8
host: localhost:12966
accept: */*

Response DefaultHttpResponse(decodeResult: success, version: HTTP/1.1)
HTTP/1.1 200 OK
Content-Length: 14
Content-Type: application/json; charset=utf-8
cache-control: no-cache

[DEBUG] Adding key: http://localhost:12966 for channel [id: 0x86962230, L:/127.0.0.1:61463 - R:localhost/127.0.0.1:12966]
[DEBUG] Using pooled Channel '[id: 0x86962230, L:/127.0.0.1:61463 - R:localhost/127.0.0.1:12966]' for 'POST' to 'http://localhost:12966/session/7063386599e22b62b404525568c1ceee/element'
[DEBUG] Using open Channel [id: 0x86962230, L:/127.0.0.1:61463 - R:localhost/127.0.0.1:12966] for POST '/session/7063386599e22b62b404525568c1ceee/element'
[DEBUG] 

Request DefaultHttpRequest(decodeResult: success, version: HTTP/1.1)
POST /session/7063386599e22b62b404525568c1ceee/element HTTP/1.1
User-Agent: selenium/4.8.3 (java mac)
Content-Length: 82
Content-Type: application/json; charset=utf-8
host: localhost:12966
accept: */*

Response DefaultHttpResponse(decodeResult: success, version: HTTP/1.1)
HTTP/1.1 200 OK
Content-Length: 88
Content-Type: application/json; charset=utf-8
cache-control: no-cache

[DEBUG] Adding key: http://localhost:12966 for channel [id: 0x86962230, L:/127.0.0.1:61463 - R:localhost/127.0.0.1:12966]
[DEBUG] Using pooled Channel '[id: 0x86962230, L:/127.0.0.1:61463 - R:localhost/127.0.0.1:12966]' for 'POST' to 'http://localhost:12966/session/7063386599e22b62b404525568c1ceee/element/d2e01d83-b2aa-4ec9-b50b-e74e85f7b0a8/value'
[DEBUG] Using open Channel [id: 0x86962230, L:/127.0.0.1:61463 - R:localhost/127.0.0.1:12966] for POST '/session/7063386599e22b62b404525568c1ceee/element/d2e01d83-b2aa-4ec9-b50b-e74e85f7b0a8/value'
[DEBUG] 

Request DefaultHttpRequest(decodeResult: success, version: HTTP/1.1)
POST /session/7063386599e22b62b404525568c1ceee/element/d2e01d83-b2aa-4ec9-b50b-e74e85f7b0a8/value HTTP/1.1
User-Agent: selenium/4.8.3 (java mac)
Content-Length: 271
Content-Type: application/json; charset=utf-8
host: localhost:12966
accept: */*

Response DefaultHttpResponse(decodeResult: success, version: HTTP/1.1)
HTTP/1.1 200 OK
Content-Length: 14
Content-Type: application/json; charset=utf-8
cache-control: no-cache

[DEBUG] Adding key: http://localhost:12966 for channel [id: 0x86962230, L:/127.0.0.1:61463 - R:localhost/127.0.0.1:12966]
[DEBUG] Using pooled Channel '[id: 0x86962230, L:/127.0.0.1:61463 - R:localhost/127.0.0.1:12966]' for 'POST' to 'http://localhost:12966/session/7063386599e22b62b404525568c1ceee/element'
[DEBUG] Using open Channel [id: 0x86962230, L:/127.0.0.1:61463 - R:localhost/127.0.0.1:12966] for POST '/session/7063386599e22b62b404525568c1ceee/element'
[DEBUG] 

Request DefaultHttpRequest(decodeResult: success, version: HTTP/1.1)
POST /session/7063386599e22b62b404525568c1ceee/element HTTP/1.1
User-Agent: selenium/4.8.3 (java mac)
Content-Length: 88
Content-Type: application/json; charset=utf-8
host: localhost:12966
accept: */*

Response DefaultHttpResponse(decodeResult: success, version: HTTP/1.1)
HTTP/1.1 200 OK
Content-Length: 88
Content-Type: application/json; charset=utf-8
cache-control: no-cache

[DEBUG] Adding key: http://localhost:12966 for channel [id: 0x86962230, L:/127.0.0.1:61463 - R:localhost/127.0.0.1:12966]
[DEBUG] Using pooled Channel '[id: 0x86962230, L:/127.0.0.1:61463 - R:localhost/127.0.0.1:12966]' for 'POST' to 'http://localhost:12966/session/7063386599e22b62b404525568c1ceee/element/ba4fd3a5-aef3-4d10-a5a7-2d5103b0dccb/click'
[DEBUG] Using open Channel [id: 0x86962230, L:/127.0.0.1:61463 - R:localhost/127.0.0.1:12966] for POST '/session/7063386599e22b62b404525568c1ceee/element/ba4fd3a5-aef3-4d10-a5a7-2d5103b0dccb/click'
[DEBUG] 

Request DefaultHttpRequest(decodeResult: success, version: HTTP/1.1)
POST /session/7063386599e22b62b404525568c1ceee/element/ba4fd3a5-aef3-4d10-a5a7-2d5103b0dccb/click HTTP/1.1
User-Agent: selenium/4.8.3 (java mac)
Content-Length: 50
Content-Type: application/json; charset=utf-8
host: localhost:12966
accept: */*

Response DefaultHttpResponse(decodeResult: success, version: HTTP/1.1)
HTTP/1.1 200 OK
Content-Length: 14
Content-Type: application/json; charset=utf-8
cache-control: no-cache

[DEBUG] Adding key: http://localhost:12966 for channel [id: 0x86962230, L:/127.0.0.1:61463 - R:localhost/127.0.0.1:12966]
[DEBUG] Using pooled Channel '[id: 0x86962230, L:/127.0.0.1:61463 - R:localhost/127.0.0.1:12966]' for 'POST' to 'http://localhost:12966/session/7063386599e22b62b404525568c1ceee/element'
[DEBUG] Using open Channel [id: 0x86962230, L:/127.0.0.1:61463 - R:localhost/127.0.0.1:12966] for POST '/session/7063386599e22b62b404525568c1ceee/element'
[DEBUG] 

Request DefaultHttpRequest(decodeResult: success, version: HTTP/1.1)
POST /session/7063386599e22b62b404525568c1ceee/element HTTP/1.1
User-Agent: selenium/4.8.3 (java mac)
Content-Length: 78
Content-Type: application/json; charset=utf-8
host: localhost:12966
accept: */*

Response DefaultHttpResponse(decodeResult: success, version: HTTP/1.1)
HTTP/1.1 200 OK
Content-Length: 88
Content-Type: application/json; charset=utf-8
cache-control: no-cache

[DEBUG] Adding key: http://localhost:12966 for channel [id: 0x86962230, L:/127.0.0.1:61463 - R:localhost/127.0.0.1:12966]
[DEBUG] Using pooled Channel '[id: 0x86962230, L:/127.0.0.1:61463 - R:localhost/127.0.0.1:12966]' for 'GET' to 'http://localhost:12966/session/7063386599e22b62b404525568c1ceee/element/a35b4265-8768-41b0-9170-074c05ebda19/text'
[DEBUG] Using open Channel [id: 0x86962230, L:/127.0.0.1:61463 - R:localhost/127.0.0.1:12966] for GET '/session/7063386599e22b62b404525568c1ceee/element/a35b4265-8768-41b0-9170-074c05ebda19/text'
[DEBUG] 

Request DefaultFullHttpRequest(decodeResult: success, version: HTTP/1.1, content: EmptyByteBufBE)
GET /session/7063386599e22b62b404525568c1ceee/element/a35b4265-8768-41b0-9170-074c05ebda19/text HTTP/1.1
User-Agent: selenium/4.8.3 (java mac)
Cache-Control: no-cache
Content-Type: application/json; charset=utf-8
host: localhost:12966
accept: */*

Response DefaultHttpResponse(decodeResult: success, version: HTTP/1.1)
HTTP/1.1 200 OK
Content-Length: 36
Content-Type: application/json; charset=utf-8
cache-control: no-cache

[DEBUG] Adding key: http://localhost:12966 for channel [id: 0x86962230, L:/127.0.0.1:61463 - R:localhost/127.0.0.1:12966]
]]></system-out>
    <system-err><![CDATA[Starting ChromeDriver 112.0.5615.49 (bd2a7bcb881c11e8cfe3078709382934e3916914-refs/branch-heads/5615@{#936}) on port 4185
Only local connections are allowed.
Please see https://chromedriver.chromium.org/security-considerations for suggestions on keeping ChromeDriver safe.
ChromeDriver was started successfully.
Apr 19, 2023 10:46:27 AM org.openqa.selenium.devtools.CdpVersionFinder findNearestMatch
WARNING: Unable to find an exact match for CDP version 112, so returning the closest version found: 111
Starting ChromeDriver 112.0.5615.49 (bd2a7bcb881c11e8cfe3078709382934e3916914-refs/branch-heads/5615@{#936}) on port 12966
Only local connections are allowed.
Please see https://chromedriver.chromium.org/security-considerations for suggestions on keeping ChromeDriver safe.
ChromeDriver was started successfully.
Apr 19, 2023 10:46:28 AM org.openqa.selenium.devtools.CdpVersionFinder findNearestMatch
WARNING: Unable to find an exact match for CDP version 112, so returning the closest version found: 111
]]></system-err>
  </testcase>
  <testcase name="verifyRediffLoginWithValidUsernameAndValidPassword" classname="com.rediff.qa.testcases.LoginTest" time="5.137"/>
  <testcase name="setup" classname="com.rediff.qa.testcases.LoginTest" time="192.325">
    <failure message="java.util.concurrent.TimeoutException&#10;Build info: version: &apos;4.8.3&apos;, revision: &apos;e5e76298c3&apos;&#10;System info: os.name: &apos;Mac OS X&apos;, os.arch: &apos;x86_64&apos;, os.version: &apos;13.2&apos;, java.version: &apos;20&apos;&#10;Driver info: org.openqa.selenium.chrome.ChromeDriver&#10;Command: [d66d59964f88c3edef99bce992a7d4df, clickElement {id=011218fc-25a1-4b18-897c-cf709b6e8c4d}]&#10;Capabilities {acceptInsecureCerts: false, browserName: chrome, browserVersion: 112.0.5615.121, chrome: {chromedriverVersion: 112.0.5615.49 (bd2a7bcb881c..., userDataDir: /var/folders/0j/z18n982j24d...}, goog:chromeOptions: {debuggerAddress: localhost:61779}, networkConnectionEnabled: false, pageLoadStrategy: normal, platformName: MAC, proxy: Proxy(), se:cdp: ws://localhost:61779/devtoo..., se:cdpVersion: 112.0.5615.121, setWindowRect: true, strictFileInteractability: false, timeouts: {implicit: 0, pageLoad: 300000, script: 30000}, unhandledPromptBehavior: dismiss and notify, webauthn:extension:credBlob: true, webauthn:extension:largeBlob: true, webauthn:extension:minPinLength: true, webauthn:extension:prf: true, webauthn:virtualAuthenticators: true}&#10;Element: [[ChromeDriver: chrome on MAC (d66d59964f88c3edef99bce992a7d4df)] -&gt; class name: signin]&#10;Session ID: d66d59964f88c3edef99bce992a7d4df" type="org.openqa.selenium.TimeoutException">org.openqa.selenium.TimeoutException: 
java.util.concurrent.TimeoutException
Build info: version: '4.8.3', revision: 'e5e76298c3'
System info: os.name: 'Mac OS X', os.arch: 'x86_64', os.version: '13.2', java.version: '20'
Driver info: org.openqa.selenium.chrome.ChromeDriver
Command: [d66d59964f88c3edef99bce992a7d4df, clickElement {id=011218fc-25a1-4b18-897c-cf709b6e8c4d}]
Capabilities {acceptInsecureCerts: false, browserName: chrome, browserVersion: 112.0.5615.121, chrome: {chromedriverVersion: 112.0.5615.49 (bd2a7bcb881c..., userDataDir: /var/folders/0j/z18n982j24d...}, goog:chromeOptions: {debuggerAddress: localhost:61779}, networkConnectionEnabled: false, pageLoadStrategy: normal, platformName: MAC, proxy: Proxy(), se:cdp: ws://localhost:61779/devtoo..., se:cdpVersion: 112.0.5615.121, setWindowRect: true, strictFileInteractability: false, timeouts: {implicit: 0, pageLoad: 300000, script: 30000}, unhandledPromptBehavior: dismiss and notify, webauthn:extension:credBlob: true, webauthn:extension:largeBlob: true, webauthn:extension:minPinLength: true, webauthn:extension:prf: true, webauthn:virtualAuthenticators: true}
Element: [[ChromeDriver: chrome on MAC (d66d59964f88c3edef99bce992a7d4df)] -> class name: signin]
Session ID: d66d59964f88c3edef99bce992a7d4df
	at com.rediff.qa.testcases.LoginTest.setup(LoginTest.java:33)
Caused by: java.util.concurrent.TimeoutException
	at com.rediff.qa.testcases.LoginTest.setup(LoginTest.java:33)
</failure>
    <system-out><![CDATA[[DEBUG] Channel Closed: [id: 0xb6618fb8, L:/127.0.0.1:61595 ! R:localhost/127.0.0.1:61590] with attribute NettyResponseFuture{currentRetry=0,
	isDone=1,
	isCancelled=0,
	asyncHandler=org.asynchttpclient.ws.WebSocketUpgradeHandler@1b63a5c4,
	nettyRequest=org.asynchttpclient.netty.request.NettyRequest@5e6128cc,
	future=java.util.concurrent.CompletableFuture@11c0a3da[Completed normally],
	uri=ws://localhost:61590/devtools/browser/b801de4e-755b-4a5e-a64e-f98ea62c286b,
	keepAlive=true,
	redirectCount=0,
	timeoutsHolder=null,
	inAuth=0,
	touch=1681915601119}
[DEBUG] Closing Channel [id: 0xb6618fb8, L:/127.0.0.1:61595 ! R:localhost/127.0.0.1:61590] 
[DEBUG] Using pooled Channel '[id: 0x6b0cb9e4, L:/127.0.0.1:61587 - R:localhost/127.0.0.1:23055]' for 'DELETE' to 'http://localhost:23055/session/ea9ded7a182b22d7038248087eb50acb'
[DEBUG] Using open Channel [id: 0x6b0cb9e4, L:/127.0.0.1:61587 - R:localhost/127.0.0.1:23055] for DELETE '/session/ea9ded7a182b22d7038248087eb50acb'
[DEBUG] Channel Closed: [id: 0x772bbabd, L:/127.0.0.1:61594 ! R:localhost/127.0.0.1:61590] with attribute DISCARD
[DEBUG] 

Request DefaultFullHttpRequest(decodeResult: success, version: HTTP/1.1, content: EmptyByteBufBE)
DELETE /session/ea9ded7a182b22d7038248087eb50acb HTTP/1.1
User-Agent: selenium/4.8.3 (java mac)
Content-Type: application/json; charset=utf-8
host: localhost:23055
accept: */*

Response DefaultHttpResponse(decodeResult: success, version: HTTP/1.1)
HTTP/1.1 200 OK
Content-Length: 14
Content-Type: application/json; charset=utf-8
cache-control: no-cache

[DEBUG] Adding key: http://localhost:23055 for channel [id: 0x6b0cb9e4, L:/127.0.0.1:61587 - R:localhost/127.0.0.1:23055]
[DEBUG] Channel Closed: [id: 0x6b0cb9e4, L:/127.0.0.1:61587 ! R:localhost/127.0.0.1:23055] with attribute DISCARD
[DEBUG] Entry count for : http://localhost:30008 : 1
[DEBUG] Entry count for : http://localhost:23055 : 1
[DEBUG] Entry count for : http://localhost:61590 : 1
[DEBUG] Entry count for : http://localhost:4185 : 1
[DEBUG] Entry count for : http://localhost:61578 : 1
[DEBUG] Entry count for : http://localhost:61455 : 1
[DEBUG] Adding Candidate expired Channel [id: 0x6b0cb9e4, L:/127.0.0.1:61587 ! R:localhost/127.0.0.1:23055] isIdleTimeoutExpired=false isRemotelyClosed=true isTtlExpired=false
[DEBUG] Closing Idle Channel [id: 0x6b0cb9e4, L:/127.0.0.1:61587 ! R:localhost/127.0.0.1:23055]
[DEBUG] Adding Candidate expired Channel [id: 0x772bbabd, L:/127.0.0.1:61594 ! R:localhost/127.0.0.1:61590] isIdleTimeoutExpired=false isRemotelyClosed=true isTtlExpired=false
[DEBUG] Closing Idle Channel [id: 0x772bbabd, L:/127.0.0.1:61594 ! R:localhost/127.0.0.1:61590]
[DEBUG] Closed 2 connections out of 6 in 0 ms
[DEBUG] Using new Channel '[id: 0xc51163ff, L:/127.0.0.1:61769 - R:localhost/127.0.0.1:15572]' for 'POST' to '/session'
[DEBUG] Entry count for : http://localhost:30008 : 1
[DEBUG] Entry count for : http://localhost:4185 : 1
[DEBUG] Entry count for : http://localhost:61578 : 1
[DEBUG] Entry count for : http://localhost:61455 : 1
[DEBUG] 

Request DefaultHttpRequest(decodeResult: success, version: HTTP/1.1)
POST /session HTTP/1.1
User-Agent: selenium/4.8.3 (java mac)
Content-Length: 439
Content-Type: application/json; charset=utf-8
host: localhost:15572
accept: */*

Response DefaultHttpResponse(decodeResult: success, version: HTTP/1.1)
HTTP/1.1 200 OK
Content-Length: 869
Content-Type: application/json; charset=utf-8
cache-control: no-cache

[DEBUG] Adding key: http://localhost:15572 for channel [id: 0xc51163ff, L:/127.0.0.1:61769 - R:localhost/127.0.0.1:15572]
[DEBUG] Using new Channel '[id: 0x4e8ab39c, L:/127.0.0.1:61774 - R:localhost/127.0.0.1:61770]' for 'GET' to '/json/version'
[DEBUG] 

Request DefaultFullHttpRequest(decodeResult: success, version: HTTP/1.1, content: EmptyByteBufBE)
GET /json/version HTTP/1.1
User-Agent: selenium/4.8.3 (java mac)
host: localhost:61770
accept: */*

Response DefaultHttpResponse(decodeResult: success, version: HTTP/1.1)
HTTP/1.1 200 OK
Content-Security-Policy: frame-ancestors 'none'
Content-Length: 422
Content-Type: application/json; charset=UTF-8

[DEBUG] Adding key: http://localhost:61770 for channel [id: 0x4e8ab39c, L:/127.0.0.1:61774 - R:localhost/127.0.0.1:61770]
[DEBUG] Using new Channel '[id: 0x40e5f6c5, L:/127.0.0.1:61775 - R:localhost/127.0.0.1:61770]' for 'GET' to '/devtools/browser/f29646f5-bd43-41ef-a0cb-cdc235fc28ae'
[DEBUG] 

Request DefaultFullHttpRequest(decodeResult: success, version: HTTP/1.1, content: EmptyByteBufBE)
GET /devtools/browser/f29646f5-bd43-41ef-a0cb-cdc235fc28ae HTTP/1.1
upgrade: websocket
connection: upgrade
sec-websocket-key: G6KD0tSvyDfiCW/k6qOTGA==
sec-websocket-version: 13
origin: http://localhost:61770
host: localhost:61770
accept: */*
user-agent: AHC/2.1

Response DefaultHttpResponse(decodeResult: success, version: HTTP/1.1)
HTTP/1.1 101 WebSocket Protocol Handshake
Upgrade: WebSocket
Connection: Upgrade
Sec-WebSocket-Accept: OC79NkgrMSEEZi44PD6YzNV7dL8=

[DEBUG] Using new Channel '[id: 0x41f2f7c1, L:/127.0.0.1:61777 - R:localhost/127.0.0.1:39836]' for 'POST' to '/session'
[DEBUG] Entry count for : http://localhost:30008 : 1
[DEBUG] Entry count for : http://localhost:61770 : 1
[DEBUG] Entry count for : http://localhost:4185 : 1
[DEBUG] Entry count for : http://localhost:15572 : 1
[DEBUG] Entry count for : http://localhost:61578 : 1
[DEBUG] Entry count for : http://localhost:61455 : 1
[DEBUG] 

Request DefaultHttpRequest(decodeResult: success, version: HTTP/1.1)
POST /session HTTP/1.1
User-Agent: selenium/4.8.3 (java mac)
Content-Length: 439
Content-Type: application/json; charset=utf-8
host: localhost:39836
accept: */*

Response DefaultHttpResponse(decodeResult: success, version: HTTP/1.1)
HTTP/1.1 200 OK
Content-Length: 869
Content-Type: application/json; charset=utf-8
cache-control: no-cache

[DEBUG] Adding key: http://localhost:39836 for channel [id: 0x41f2f7c1, L:/127.0.0.1:61777 - R:localhost/127.0.0.1:39836]
[DEBUG] Using new Channel '[id: 0x2329e396, L:/127.0.0.1:61785 - R:localhost/127.0.0.1:61779]' for 'GET' to '/json/version'
[DEBUG] 

Request DefaultFullHttpRequest(decodeResult: success, version: HTTP/1.1, content: EmptyByteBufBE)
GET /json/version HTTP/1.1
User-Agent: selenium/4.8.3 (java mac)
host: localhost:61779
accept: */*

Response DefaultHttpResponse(decodeResult: success, version: HTTP/1.1)
HTTP/1.1 200 OK
Content-Security-Policy: frame-ancestors 'none'
Content-Length: 422
Content-Type: application/json; charset=UTF-8

[DEBUG] Adding key: http://localhost:61779 for channel [id: 0x2329e396, L:/127.0.0.1:61785 - R:localhost/127.0.0.1:61779]
[DEBUG] Using new Channel '[id: 0x45b5c4a0, L:/127.0.0.1:61786 - R:localhost/127.0.0.1:61779]' for 'GET' to '/devtools/browser/89f031f5-1f4d-4fe9-a7e1-964ad35bac8c'
[DEBUG] 

Request DefaultFullHttpRequest(decodeResult: success, version: HTTP/1.1, content: EmptyByteBufBE)
GET /devtools/browser/89f031f5-1f4d-4fe9-a7e1-964ad35bac8c HTTP/1.1
upgrade: websocket
connection: upgrade
sec-websocket-key: x2KQSESiYodA2DJda54FFw==
sec-websocket-version: 13
origin: http://localhost:61779
host: localhost:61779
accept: */*
user-agent: AHC/2.1

Response DefaultHttpResponse(decodeResult: success, version: HTTP/1.1)
HTTP/1.1 101 WebSocket Protocol Handshake
Upgrade: WebSocket
Connection: Upgrade
Sec-WebSocket-Accept: 8UoPfQvCbcbLVOs+jd7oV3VCxeI=

[DEBUG] Using pooled Channel '[id: 0x41f2f7c1, L:/127.0.0.1:61777 - R:localhost/127.0.0.1:39836]' for 'DELETE' to 'http://localhost:39836/session/d66d59964f88c3edef99bce992a7d4df/cookie'
[DEBUG] Using open Channel [id: 0x41f2f7c1, L:/127.0.0.1:61777 - R:localhost/127.0.0.1:39836] for DELETE '/session/d66d59964f88c3edef99bce992a7d4df/cookie'
[DEBUG] 

Request DefaultFullHttpRequest(decodeResult: success, version: HTTP/1.1, content: EmptyByteBufBE)
DELETE /session/d66d59964f88c3edef99bce992a7d4df/cookie HTTP/1.1
User-Agent: selenium/4.8.3 (java mac)
Content-Type: application/json; charset=utf-8
host: localhost:39836
accept: */*

Response DefaultHttpResponse(decodeResult: success, version: HTTP/1.1)
HTTP/1.1 200 OK
Content-Length: 14
Content-Type: application/json; charset=utf-8
cache-control: no-cache

[DEBUG] Adding key: http://localhost:39836 for channel [id: 0x41f2f7c1, L:/127.0.0.1:61777 - R:localhost/127.0.0.1:39836]
[DEBUG] Using pooled Channel '[id: 0x41f2f7c1, L:/127.0.0.1:61777 - R:localhost/127.0.0.1:39836]' for 'POST' to 'http://localhost:39836/session/d66d59964f88c3edef99bce992a7d4df/timeouts'
[DEBUG] Using open Channel [id: 0x41f2f7c1, L:/127.0.0.1:61777 - R:localhost/127.0.0.1:39836] for POST '/session/d66d59964f88c3edef99bce992a7d4df/timeouts'
[DEBUG] 

Request DefaultHttpRequest(decodeResult: success, version: HTTP/1.1)
POST /session/d66d59964f88c3edef99bce992a7d4df/timeouts HTTP/1.1
User-Agent: selenium/4.8.3 (java mac)
Content-Length: 23
Content-Type: application/json; charset=utf-8
host: localhost:39836
accept: */*

Response DefaultHttpResponse(decodeResult: success, version: HTTP/1.1)
HTTP/1.1 200 OK
Content-Length: 14
Content-Type: application/json; charset=utf-8
cache-control: no-cache

[DEBUG] Adding key: http://localhost:39836 for channel [id: 0x41f2f7c1, L:/127.0.0.1:61777 - R:localhost/127.0.0.1:39836]
[DEBUG] Using pooled Channel '[id: 0x41f2f7c1, L:/127.0.0.1:61777 - R:localhost/127.0.0.1:39836]' for 'POST' to 'http://localhost:39836/session/d66d59964f88c3edef99bce992a7d4df/timeouts'
[DEBUG] Using open Channel [id: 0x41f2f7c1, L:/127.0.0.1:61777 - R:localhost/127.0.0.1:39836] for POST '/session/d66d59964f88c3edef99bce992a7d4df/timeouts'
[DEBUG] 

Request DefaultHttpRequest(decodeResult: success, version: HTTP/1.1)
POST /session/d66d59964f88c3edef99bce992a7d4df/timeouts HTTP/1.1
User-Agent: selenium/4.8.3 (java mac)
Content-Length: 23
Content-Type: application/json; charset=utf-8
host: localhost:39836
accept: */*

Response DefaultHttpResponse(decodeResult: success, version: HTTP/1.1)
HTTP/1.1 200 OK
Content-Length: 14
Content-Type: application/json; charset=utf-8
cache-control: no-cache

[DEBUG] Adding key: http://localhost:39836 for channel [id: 0x41f2f7c1, L:/127.0.0.1:61777 - R:localhost/127.0.0.1:39836]
[DEBUG] Using pooled Channel '[id: 0x41f2f7c1, L:/127.0.0.1:61777 - R:localhost/127.0.0.1:39836]' for 'POST' to 'http://localhost:39836/session/d66d59964f88c3edef99bce992a7d4df/timeouts'
[DEBUG] Using open Channel [id: 0x41f2f7c1, L:/127.0.0.1:61777 - R:localhost/127.0.0.1:39836] for POST '/session/d66d59964f88c3edef99bce992a7d4df/timeouts'
[DEBUG] 

Request DefaultHttpRequest(decodeResult: success, version: HTTP/1.1)
POST /session/d66d59964f88c3edef99bce992a7d4df/timeouts HTTP/1.1
User-Agent: selenium/4.8.3 (java mac)
Content-Length: 22
Content-Type: application/json; charset=utf-8
host: localhost:39836
accept: */*

Response DefaultHttpResponse(decodeResult: success, version: HTTP/1.1)
HTTP/1.1 200 OK
Content-Length: 14
Content-Type: application/json; charset=utf-8
cache-control: no-cache

[DEBUG] Adding key: http://localhost:39836 for channel [id: 0x41f2f7c1, L:/127.0.0.1:61777 - R:localhost/127.0.0.1:39836]
[DEBUG] Using pooled Channel '[id: 0x41f2f7c1, L:/127.0.0.1:61777 - R:localhost/127.0.0.1:39836]' for 'POST' to 'http://localhost:39836/session/d66d59964f88c3edef99bce992a7d4df/url'
[DEBUG] Using open Channel [id: 0x41f2f7c1, L:/127.0.0.1:61777 - R:localhost/127.0.0.1:39836] for POST '/session/d66d59964f88c3edef99bce992a7d4df/url'
[DEBUG] Entry count for : http://localhost:61770 : 1
[DEBUG] Entry count for : http://localhost:4185 : 1
[DEBUG] Entry count for : http://localhost:15572 : 1
[DEBUG] Entry count for : http://localhost:30008 : 1
[DEBUG] Entry count for : http://localhost:61779 : 1
[DEBUG] Entry count for : http://localhost:61578 : 1
[DEBUG] Entry count for : http://localhost:61455 : 1
[DEBUG] Entry count for : http://localhost:61770 : 1
[DEBUG] Entry count for : http://localhost:4185 : 1
[DEBUG] Entry count for : http://localhost:15572 : 1
[DEBUG] Entry count for : http://localhost:30008 : 1
[DEBUG] Entry count for : http://localhost:61779 : 1
[DEBUG] Entry count for : http://localhost:61578 : 1
[DEBUG] Entry count for : http://localhost:61455 : 1
[DEBUG] Entry count for : http://localhost:61770 : 1
[DEBUG] Entry count for : http://localhost:4185 : 1
[DEBUG] Entry count for : http://localhost:15572 : 1
[DEBUG] Entry count for : http://localhost:30008 : 1
[DEBUG] Entry count for : http://localhost:61779 : 1
[DEBUG] Entry count for : http://localhost:61578 : 1
[DEBUG] Entry count for : http://localhost:61455 : 1
[DEBUG] Entry count for : http://localhost:61770 : 1
[DEBUG] Entry count for : http://localhost:4185 : 1
[DEBUG] Entry count for : http://localhost:15572 : 1
[DEBUG] Entry count for : http://localhost:30008 : 1
[DEBUG] Entry count for : http://localhost:61779 : 1
[DEBUG] Entry count for : http://localhost:61578 : 1
[DEBUG] Entry count for : http://localhost:61455 : 1
[DEBUG] 

Request DefaultHttpRequest(decodeResult: success, version: HTTP/1.1)
POST /session/d66d59964f88c3edef99bce992a7d4df/url HTTP/1.1
User-Agent: selenium/4.8.3 (java mac)
Content-Length: 53
Content-Type: application/json; charset=utf-8
host: localhost:39836
accept: */*

Response DefaultHttpResponse(decodeResult: success, version: HTTP/1.1)
HTTP/1.1 200 OK
Content-Length: 14
Content-Type: application/json; charset=utf-8
cache-control: no-cache

[DEBUG] Adding key: http://localhost:39836 for channel [id: 0x41f2f7c1, L:/127.0.0.1:61777 - R:localhost/127.0.0.1:39836]
[DEBUG] Using pooled Channel '[id: 0x41f2f7c1, L:/127.0.0.1:61777 - R:localhost/127.0.0.1:39836]' for 'POST' to 'http://localhost:39836/session/d66d59964f88c3edef99bce992a7d4df/element'
[DEBUG] Using open Channel [id: 0x41f2f7c1, L:/127.0.0.1:61777 - R:localhost/127.0.0.1:39836] for POST '/session/d66d59964f88c3edef99bce992a7d4df/element'
[DEBUG] 

Request DefaultHttpRequest(decodeResult: success, version: HTTP/1.1)
POST /session/d66d59964f88c3edef99bce992a7d4df/element HTTP/1.1
User-Agent: selenium/4.8.3 (java mac)
Content-Length: 51
Content-Type: application/json; charset=utf-8
host: localhost:39836
accept: */*

Response DefaultHttpResponse(decodeResult: success, version: HTTP/1.1)
HTTP/1.1 200 OK
Content-Length: 88
Content-Type: application/json; charset=utf-8
cache-control: no-cache

[DEBUG] Adding key: http://localhost:39836 for channel [id: 0x41f2f7c1, L:/127.0.0.1:61777 - R:localhost/127.0.0.1:39836]
[DEBUG] Using pooled Channel '[id: 0x41f2f7c1, L:/127.0.0.1:61777 - R:localhost/127.0.0.1:39836]' for 'POST' to 'http://localhost:39836/session/d66d59964f88c3edef99bce992a7d4df/element/011218fc-25a1-4b18-897c-cf709b6e8c4d/click'
[DEBUG] Using open Channel [id: 0x41f2f7c1, L:/127.0.0.1:61777 - R:localhost/127.0.0.1:39836] for POST '/session/d66d59964f88c3edef99bce992a7d4df/element/011218fc-25a1-4b18-897c-cf709b6e8c4d/click'
[DEBUG] Entry count for : http://localhost:61770 : 1
[DEBUG] Entry count for : http://localhost:4185 : 1
[DEBUG] Entry count for : http://localhost:15572 : 1
[DEBUG] Entry count for : http://localhost:30008 : 1
[DEBUG] Entry count for : http://localhost:61779 : 1
[DEBUG] Entry count for : http://localhost:61578 : 1
[DEBUG] Entry count for : http://localhost:61455 : 1
[DEBUG] Entry count for : http://localhost:61770 : 1
[DEBUG] Entry count for : http://localhost:4185 : 1
[DEBUG] Entry count for : http://localhost:15572 : 1
[DEBUG] Entry count for : http://localhost:30008 : 1
[DEBUG] Entry count for : http://localhost:61779 : 1
[DEBUG] Entry count for : http://localhost:61578 : 1
[DEBUG] Entry count for : http://localhost:61455 : 1
[DEBUG] Entry count for : http://localhost:61770 : 1
[DEBUG] Entry count for : http://localhost:4185 : 1
[DEBUG] Entry count for : http://localhost:15572 : 1
[DEBUG] Entry count for : http://localhost:30008 : 1
[DEBUG] Entry count for : http://localhost:61779 : 1
[DEBUG] Entry count for : http://localhost:61578 : 1
[DEBUG] Entry count for : http://localhost:61455 : 1
[DEBUG] Entry count for : http://localhost:61770 : 1
[DEBUG] Entry count for : http://localhost:4185 : 1
[DEBUG] Entry count for : http://localhost:15572 : 1
[DEBUG] Entry count for : http://localhost:30008 : 1
[DEBUG] Entry count for : http://localhost:61779 : 1
[DEBUG] Entry count for : http://localhost:61578 : 1
[DEBUG] Entry count for : http://localhost:61455 : 1
[DEBUG] Entry count for : http://localhost:61770 : 1
[DEBUG] Entry count for : http://localhost:4185 : 1
[DEBUG] Entry count for : http://localhost:15572 : 1
[DEBUG] Entry count for : http://localhost:30008 : 1
[DEBUG] Entry count for : http://localhost:61779 : 1
[DEBUG] Entry count for : http://localhost:61578 : 1
[DEBUG] Entry count for : http://localhost:61455 : 1
[DEBUG] Entry count for : http://localhost:61770 : 1
[DEBUG] Entry count for : http://localhost:4185 : 1
[DEBUG] Entry count for : http://localhost:15572 : 1
[DEBUG] Entry count for : http://localhost:30008 : 1
[DEBUG] Entry count for : http://localhost:61779 : 1
[DEBUG] Entry count for : http://localhost:61578 : 1
[DEBUG] Entry count for : http://localhost:61455 : 1
[DEBUG] Entry count for : http://localhost:61770 : 1
[DEBUG] Entry count for : http://localhost:4185 : 1
[DEBUG] Entry count for : http://localhost:15572 : 1
[DEBUG] Entry count for : http://localhost:30008 : 1
[DEBUG] Entry count for : http://localhost:61779 : 1
[DEBUG] Entry count for : http://localhost:61578 : 1
[DEBUG] Entry count for : http://localhost:61455 : 1
[DEBUG] Entry count for : http://localhost:61770 : 1
[DEBUG] Entry count for : http://localhost:4185 : 1
[DEBUG] Entry count for : http://localhost:15572 : 1
[DEBUG] Entry count for : http://localhost:30008 : 1
[DEBUG] Entry count for : http://localhost:61779 : 1
[DEBUG] Entry count for : http://localhost:61578 : 1
[DEBUG] Entry count for : http://localhost:61455 : 1
[DEBUG] Entry count for : http://localhost:61770 : 1
[DEBUG] Entry count for : http://localhost:4185 : 1
[DEBUG] Entry count for : http://localhost:15572 : 1
[DEBUG] Entry count for : http://localhost:30008 : 1
[DEBUG] Entry count for : http://localhost:61779 : 1
[DEBUG] Entry count for : http://localhost:61578 : 1
[DEBUG] Entry count for : http://localhost:61455 : 1
[DEBUG] Entry count for : http://localhost:61770 : 1
[DEBUG] Entry count for : http://localhost:4185 : 1
[DEBUG] Entry count for : http://localhost:15572 : 1
[DEBUG] Entry count for : http://localhost:30008 : 1
[DEBUG] Entry count for : http://localhost:61779 : 1
[DEBUG] Entry count for : http://localhost:61578 : 1
[DEBUG] Entry count for : http://localhost:61455 : 1
[DEBUG] Entry count for : http://localhost:61770 : 1
[DEBUG] Entry count for : http://localhost:4185 : 1
[DEBUG] Entry count for : http://localhost:15572 : 1
[DEBUG] Entry count for : http://localhost:30008 : 1
[DEBUG] Entry count for : http://localhost:61779 : 1
[DEBUG] Entry count for : http://localhost:61578 : 1
[DEBUG] Entry count for : http://localhost:61455 : 1
[DEBUG] Entry count for : http://localhost:61770 : 1
[DEBUG] Entry count for : http://localhost:4185 : 1
[DEBUG] Entry count for : http://localhost:15572 : 1
[DEBUG] Entry count for : http://localhost:30008 : 1
[DEBUG] Entry count for : http://localhost:61779 : 1
[DEBUG] Entry count for : http://localhost:61578 : 1
[DEBUG] Entry count for : http://localhost:61455 : 1
[DEBUG] Entry count for : http://localhost:61770 : 1
[DEBUG] Entry count for : http://localhost:4185 : 1
[DEBUG] Entry count for : http://localhost:15572 : 1
[DEBUG] Entry count for : http://localhost:30008 : 1
[DEBUG] Entry count for : http://localhost:61779 : 1
[DEBUG] Entry count for : http://localhost:61578 : 1
[DEBUG] Entry count for : http://localhost:61455 : 1
[DEBUG] Entry count for : http://localhost:61770 : 1
[DEBUG] Entry count for : http://localhost:4185 : 1
[DEBUG] Entry count for : http://localhost:15572 : 1
[DEBUG] Entry count for : http://localhost:30008 : 1
[DEBUG] Entry count for : http://localhost:61779 : 1
[DEBUG] Entry count for : http://localhost:61578 : 1
[DEBUG] Entry count for : http://localhost:61455 : 1
[DEBUG] Entry count for : http://localhost:61770 : 1
[DEBUG] Entry count for : http://localhost:4185 : 1
[DEBUG] Entry count for : http://localhost:15572 : 1
[DEBUG] Entry count for : http://localhost:30008 : 1
[DEBUG] Entry count for : http://localhost:61779 : 1
[DEBUG] Entry count for : http://localhost:61578 : 1
[DEBUG] Entry count for : http://localhost:61455 : 1
[DEBUG] Entry count for : http://localhost:61770 : 1
[DEBUG] Entry count for : http://localhost:4185 : 1
[DEBUG] Entry count for : http://localhost:15572 : 1
[DEBUG] Entry count for : http://localhost:30008 : 1
[DEBUG] Entry count for : http://localhost:61779 : 1
[DEBUG] Entry count for : http://localhost:61578 : 1
[DEBUG] Entry count for : http://localhost:61455 : 1
[DEBUG] Entry count for : http://localhost:61770 : 1
[DEBUG] Entry count for : http://localhost:4185 : 1
[DEBUG] Entry count for : http://localhost:15572 : 1
[DEBUG] Entry count for : http://localhost:30008 : 1
[DEBUG] Entry count for : http://localhost:61779 : 1
[DEBUG] Entry count for : http://localhost:61578 : 1
[DEBUG] Entry count for : http://localhost:61455 : 1
[DEBUG] Entry count for : http://localhost:61770 : 1
[DEBUG] Entry count for : http://localhost:4185 : 1
[DEBUG] Entry count for : http://localhost:15572 : 1
[DEBUG] Entry count for : http://localhost:30008 : 1
[DEBUG] Entry count for : http://localhost:61779 : 1
[DEBUG] Entry count for : http://localhost:61578 : 1
[DEBUG] Entry count for : http://localhost:61455 : 1
[DEBUG] Entry count for : http://localhost:61770 : 1
[DEBUG] Entry count for : http://localhost:4185 : 1
[DEBUG] Entry count for : http://localhost:15572 : 1
[DEBUG] Entry count for : http://localhost:30008 : 1
[DEBUG] Entry count for : http://localhost:61779 : 1
[DEBUG] Entry count for : http://localhost:61578 : 1
[DEBUG] Entry count for : http://localhost:61455 : 1
[DEBUG] Entry count for : http://localhost:61770 : 1
[DEBUG] Entry count for : http://localhost:4185 : 1
[DEBUG] Entry count for : http://localhost:15572 : 1
[DEBUG] Entry count for : http://localhost:30008 : 1
[DEBUG] Entry count for : http://localhost:61779 : 1
[DEBUG] Entry count for : http://localhost:61578 : 1
[DEBUG] Entry count for : http://localhost:61455 : 1
[DEBUG] Entry count for : http://localhost:61770 : 1
[DEBUG] Entry count for : http://localhost:4185 : 1
[DEBUG] Entry count for : http://localhost:15572 : 1
[DEBUG] Entry count for : http://localhost:30008 : 1
[DEBUG] Entry count for : http://localhost:61779 : 1
[DEBUG] Entry count for : http://localhost:61578 : 1
[DEBUG] Entry count for : http://localhost:61455 : 1
[DEBUG] Entry count for : http://localhost:61770 : 1
[DEBUG] Entry count for : http://localhost:4185 : 1
[DEBUG] Entry count for : http://localhost:15572 : 1
[DEBUG] Entry count for : http://localhost:30008 : 1
[DEBUG] Entry count for : http://localhost:61779 : 1
[DEBUG] Entry count for : http://localhost:61578 : 1
[DEBUG] Entry count for : http://localhost:61455 : 1
[DEBUG] Entry count for : http://localhost:61770 : 1
[DEBUG] Entry count for : http://localhost:4185 : 1
[DEBUG] Entry count for : http://localhost:15572 : 1
[DEBUG] Entry count for : http://localhost:30008 : 1
[DEBUG] Entry count for : http://localhost:61779 : 1
[DEBUG] Entry count for : http://localhost:61578 : 1
[DEBUG] Entry count for : http://localhost:61455 : 1
[DEBUG] Entry count for : http://localhost:61770 : 1
[DEBUG] Entry count for : http://localhost:4185 : 1
[DEBUG] Entry count for : http://localhost:15572 : 1
[DEBUG] Entry count for : http://localhost:30008 : 1
[DEBUG] Entry count for : http://localhost:61779 : 1
[DEBUG] Entry count for : http://localhost:61578 : 1
[DEBUG] Entry count for : http://localhost:61455 : 1
[DEBUG] Entry count for : http://localhost:61770 : 1
[DEBUG] Entry count for : http://localhost:4185 : 1
[DEBUG] Entry count for : http://localhost:15572 : 1
[DEBUG] Entry count for : http://localhost:30008 : 1
[DEBUG] Entry count for : http://localhost:61779 : 1
[DEBUG] Entry count for : http://localhost:61578 : 1
[DEBUG] Entry count for : http://localhost:61455 : 1
[DEBUG] Entry count for : http://localhost:61770 : 1
[DEBUG] Entry count for : http://localhost:4185 : 1
[DEBUG] Entry count for : http://localhost:15572 : 1
[DEBUG] Entry count for : http://localhost:30008 : 1
[DEBUG] Entry count for : http://localhost:61779 : 1
[DEBUG] Entry count for : http://localhost:61578 : 1
[DEBUG] Entry count for : http://localhost:61455 : 1
[DEBUG] Adding Candidate expired Channel [id: 0x32589a0b, L:/127.0.0.1:61454 - R:localhost/127.0.0.1:4185] isIdleTimeoutExpired=true isRemotelyClosed=false isTtlExpired=false
[DEBUG] Closing Idle Channel [id: 0x32589a0b, L:/127.0.0.1:61454 - R:localhost/127.0.0.1:4185]
[DEBUG] Adding Candidate expired Channel [id: 0xdc394800, L:/127.0.0.1:61459 - R:localhost/127.0.0.1:61455] isIdleTimeoutExpired=true isRemotelyClosed=false isTtlExpired=false
[DEBUG] Closing Idle Channel [id: 0xdc394800, L:/127.0.0.1:61459 - R:localhost/127.0.0.1:61455]
[DEBUG] Closed 2 connections out of 7 in 0 ms
[DEBUG] Channel Closed: [id: 0xdc394800, L:/127.0.0.1:61459 ! R:localhost/127.0.0.1:61455] with attribute DISCARD
[DEBUG] Channel Closed: [id: 0x32589a0b, L:/127.0.0.1:61454 ! R:localhost/127.0.0.1:4185] with attribute DISCARD
[DEBUG] Entry count for : http://localhost:61770 : 1
[DEBUG] Entry count for : http://localhost:15572 : 1
[DEBUG] Entry count for : http://localhost:30008 : 1
[DEBUG] Entry count for : http://localhost:61779 : 1
[DEBUG] Entry count for : http://localhost:61578 : 1
[DEBUG] Entry count for : http://localhost:61770 : 1
[DEBUG] Entry count for : http://localhost:15572 : 1
[DEBUG] Entry count for : http://localhost:30008 : 1
[DEBUG] Entry count for : http://localhost:61779 : 1
[DEBUG] Entry count for : http://localhost:61578 : 1
[DEBUG] Entry count for : http://localhost:61770 : 1
[DEBUG] Entry count for : http://localhost:15572 : 1
[DEBUG] Entry count for : http://localhost:30008 : 1
[DEBUG] Entry count for : http://localhost:61779 : 1
[DEBUG] Entry count for : http://localhost:61578 : 1
[DEBUG] Entry count for : http://localhost:61770 : 1
[DEBUG] Entry count for : http://localhost:15572 : 1
[DEBUG] Entry count for : http://localhost:30008 : 1
[DEBUG] Entry count for : http://localhost:61779 : 1
[DEBUG] Entry count for : http://localhost:61578 : 1
[DEBUG] Entry count for : http://localhost:61770 : 1
[DEBUG] Entry count for : http://localhost:15572 : 1
[DEBUG] Entry count for : http://localhost:30008 : 1
[DEBUG] Entry count for : http://localhost:61779 : 1
[DEBUG] Entry count for : http://localhost:61578 : 1
[DEBUG] Entry count for : http://localhost:61770 : 1
[DEBUG] Entry count for : http://localhost:15572 : 1
[DEBUG] Entry count for : http://localhost:30008 : 1
[DEBUG] Entry count for : http://localhost:61779 : 1
[DEBUG] Entry count for : http://localhost:61578 : 1
[DEBUG] Entry count for : http://localhost:61770 : 1
[DEBUG] Entry count for : http://localhost:15572 : 1
[DEBUG] Entry count for : http://localhost:30008 : 1
[DEBUG] Entry count for : http://localhost:61779 : 1
[DEBUG] Entry count for : http://localhost:61578 : 1
[DEBUG] Entry count for : http://localhost:61770 : 1
[DEBUG] Entry count for : http://localhost:15572 : 1
[DEBUG] Entry count for : http://localhost:30008 : 1
[DEBUG] Entry count for : http://localhost:61779 : 1
[DEBUG] Entry count for : http://localhost:61578 : 1
[DEBUG] Entry count for : http://localhost:61770 : 1
[DEBUG] Entry count for : http://localhost:15572 : 1
[DEBUG] Entry count for : http://localhost:30008 : 1
[DEBUG] Entry count for : http://localhost:61779 : 1
[DEBUG] Entry count for : http://localhost:61578 : 1
[DEBUG] Entry count for : http://localhost:61770 : 1
[DEBUG] Entry count for : http://localhost:15572 : 1
[DEBUG] Entry count for : http://localhost:30008 : 1
[DEBUG] Entry count for : http://localhost:61779 : 1
[DEBUG] Entry count for : http://localhost:61578 : 1
[DEBUG] Entry count for : http://localhost:61770 : 1
[DEBUG] Entry count for : http://localhost:15572 : 1
[DEBUG] Entry count for : http://localhost:30008 : 1
[DEBUG] Entry count for : http://localhost:61779 : 1
[DEBUG] Entry count for : http://localhost:61578 : 1
[DEBUG] Adding Candidate expired Channel [id: 0xbd1f6a1a, L:/127.0.0.1:61576 - R:localhost/127.0.0.1:30008] isIdleTimeoutExpired=true isRemotelyClosed=false isTtlExpired=false
[DEBUG] Closing Idle Channel [id: 0xbd1f6a1a, L:/127.0.0.1:61576 - R:localhost/127.0.0.1:30008]
[DEBUG] Adding Candidate expired Channel [id: 0x521e33c7, L:/127.0.0.1:61583 - R:localhost/127.0.0.1:61578] isIdleTimeoutExpired=true isRemotelyClosed=false isTtlExpired=false
[DEBUG] Closing Idle Channel [id: 0x521e33c7, L:/127.0.0.1:61583 - R:localhost/127.0.0.1:61578]
[DEBUG] Closed 2 connections out of 5 in 0 ms
[DEBUG] Channel Closed: [id: 0x521e33c7, L:/127.0.0.1:61583 ! R:localhost/127.0.0.1:61578] with attribute DISCARD
[DEBUG] Channel Closed: [id: 0xbd1f6a1a, L:/127.0.0.1:61576 ! R:localhost/127.0.0.1:30008] with attribute DISCARD
[DEBUG] Entry count for : http://localhost:61770 : 1
[DEBUG] Entry count for : http://localhost:15572 : 1
[DEBUG] Entry count for : http://localhost:61779 : 1
[DEBUG] Entry count for : http://localhost:61770 : 1
[DEBUG] Entry count for : http://localhost:15572 : 1
[DEBUG] Entry count for : http://localhost:61779 : 1
[DEBUG] Entry count for : http://localhost:61770 : 1
[DEBUG] Entry count for : http://localhost:15572 : 1
[DEBUG] Entry count for : http://localhost:61779 : 1
[DEBUG] Entry count for : http://localhost:61770 : 1
[DEBUG] Entry count for : http://localhost:15572 : 1
[DEBUG] Entry count for : http://localhost:61779 : 1
[DEBUG] Entry count for : http://localhost:61770 : 1
[DEBUG] Entry count for : http://localhost:15572 : 1
[DEBUG] Entry count for : http://localhost:61779 : 1
[DEBUG] Entry count for : http://localhost:61770 : 1
[DEBUG] Entry count for : http://localhost:15572 : 1
[DEBUG] Entry count for : http://localhost:61779 : 1
[DEBUG] Entry count for : http://localhost:61770 : 1
[DEBUG] Entry count for : http://localhost:15572 : 1
[DEBUG] Entry count for : http://localhost:61779 : 1
[DEBUG] Entry count for : http://localhost:61770 : 1
[DEBUG] Entry count for : http://localhost:15572 : 1
[DEBUG] Entry count for : http://localhost:61779 : 1
[DEBUG] Entry count for : http://localhost:61770 : 1
[DEBUG] Entry count for : http://localhost:15572 : 1
[DEBUG] Entry count for : http://localhost:61779 : 1
[DEBUG] Entry count for : http://localhost:61770 : 1
[DEBUG] Entry count for : http://localhost:15572 : 1
[DEBUG] Entry count for : http://localhost:61779 : 1
[DEBUG] Entry count for : http://localhost:61770 : 1
[DEBUG] Entry count for : http://localhost:15572 : 1
[DEBUG] Entry count for : http://localhost:61779 : 1
[DEBUG] Entry count for : http://localhost:61770 : 1
[DEBUG] Entry count for : http://localhost:15572 : 1
[DEBUG] Entry count for : http://localhost:61779 : 1
[DEBUG] Entry count for : http://localhost:61770 : 1
[DEBUG] Entry count for : http://localhost:15572 : 1
[DEBUG] Entry count for : http://localhost:61779 : 1
[DEBUG] Adding Candidate expired Channel [id: 0x4e8ab39c, L:/127.0.0.1:61774 - R:localhost/127.0.0.1:61770] isIdleTimeoutExpired=true isRemotelyClosed=false isTtlExpired=false
[DEBUG] Closing Idle Channel [id: 0x4e8ab39c, L:/127.0.0.1:61774 - R:localhost/127.0.0.1:61770]
[DEBUG] Adding Candidate expired Channel [id: 0xc51163ff, L:/127.0.0.1:61769 - R:localhost/127.0.0.1:15572] isIdleTimeoutExpired=true isRemotelyClosed=false isTtlExpired=false
[DEBUG] Closing Idle Channel [id: 0xc51163ff, L:/127.0.0.1:61769 - R:localhost/127.0.0.1:15572]
[DEBUG] Closed 2 connections out of 3 in 0 ms
[DEBUG] Channel Closed: [id: 0x4e8ab39c, L:/127.0.0.1:61774 ! R:localhost/127.0.0.1:61770] with attribute DISCARD
[DEBUG] Channel Closed: [id: 0xc51163ff, L:/127.0.0.1:61769 ! R:localhost/127.0.0.1:15572] with attribute DISCARD
[DEBUG] Entry count for : http://localhost:61779 : 1
[DEBUG] Entry count for : http://localhost:61779 : 1
[DEBUG] Adding Candidate expired Channel [id: 0x2329e396, L:/127.0.0.1:61785 - R:localhost/127.0.0.1:61779] isIdleTimeoutExpired=true isRemotelyClosed=false isTtlExpired=false
[DEBUG] Closing Idle Channel [id: 0x2329e396, L:/127.0.0.1:61785 - R:localhost/127.0.0.1:61779]
[DEBUG] Closed 1 connections out of 1 in 0 ms
[DEBUG] Channel Closed: [id: 0x2329e396, L:/127.0.0.1:61785 ! R:localhost/127.0.0.1:61779] with attribute DISCARD
]]></system-out>
    <system-err><![CDATA[Starting ChromeDriver 112.0.5615.49 (bd2a7bcb881c11e8cfe3078709382934e3916914-refs/branch-heads/5615@{#936}) on port 15572
Only local connections are allowed.
Please see https://chromedriver.chromium.org/security-considerations for suggestions on keeping ChromeDriver safe.
ChromeDriver was started successfully.
Apr 19, 2023 10:46:54 AM org.openqa.selenium.devtools.CdpVersionFinder findNearestMatch
WARNING: Unable to find an exact match for CDP version 112, so returning the closest version found: 111
Starting ChromeDriver 112.0.5615.49 (bd2a7bcb881c11e8cfe3078709382934e3916914-refs/branch-heads/5615@{#936}) on port 39836
Only local connections are allowed.
Please see https://chromedriver.chromium.org/security-considerations for suggestions on keeping ChromeDriver safe.
ChromeDriver was started successfully.
Apr 19, 2023 10:46:56 AM org.openqa.selenium.devtools.CdpVersionFinder findNearestMatch
WARNING: Unable to find an exact match for CDP version 112, so returning the closest version found: 111
]]></system-err>
  </testcase>
  <testcase name="setup" classname="com.rediff.qa.testcases.LoginTest" time="0">
    <skipped/>
  </testcase>
  <testcase name="setup" classname="com.rediff.qa.testcases.LoginTest" time="0">
    <skipped/>
  </testcase>
  <testcase name="setup" classname="com.rediff.qa.testcases.LoginTest" time="0">
    <skipped/>
  </testcase>
  <testcase name="setup" classname="com.rediff.qa.testcases.LoginTest" time="0">
    <skipped/>
  </testcase>
  <testcase name="verifyRediffLoginWithInvalidUsernameAndInvalidPassword" classname="com.rediff.qa.testcases.LoginTest" time="0">
    <skipped message="java.util.concurrent.TimeoutException&#10;Build info: version: &apos;4.8.3&apos;, revision: &apos;e5e76298c3&apos;&#10;System info: os.name: &apos;Mac OS X&apos;, os.arch: &apos;x86_64&apos;, os.version: &apos;13.2&apos;, java.version: &apos;20&apos;&#10;Driver info: org.openqa.selenium.chrome.ChromeDriver&#10;Command: [d66d59964f88c3edef99bce992a7d4df, clickElement {id=011218fc-25a1-4b18-897c-cf709b6e8c4d}]&#10;Capabilities {acceptInsecureCerts: false, browserName: chrome, browserVersion: 112.0.5615.121, chrome: {chromedriverVersion: 112.0.5615.49 (bd2a7bcb881c..., userDataDir: /var/folders/0j/z18n982j24d...}, goog:chromeOptions: {debuggerAddress: localhost:61779}, networkConnectionEnabled: false, pageLoadStrategy: normal, platformName: MAC, proxy: Proxy(), se:cdp: ws://localhost:61779/devtoo..., se:cdpVersion: 112.0.5615.121, setWindowRect: true, strictFileInteractability: false, timeouts: {implicit: 0, pageLoad: 300000, script: 30000}, unhandledPromptBehavior: dismiss and notify, webauthn:extension:credBlob: true, webauthn:extension:largeBlob: true, webauthn:extension:minPinLength: true, webauthn:extension:prf: true, webauthn:virtualAuthenticators: true}&#10;Element: [[ChromeDriver: chrome on MAC (d66d59964f88c3edef99bce992a7d4df)] -&gt; class name: signin]&#10;Session ID: d66d59964f88c3edef99bce992a7d4df"/>
  </testcase>
  <testcase name="tearDown" classname="com.rediff.qa.testcases.LoginTest" time="0">
    <skipped/>
  </testcase>
  <testcase name="tearDown" classname="com.rediff.qa.testcases.LoginTest" time="0">
    <skipped/>
  </testcase>
  <testcase name="tearDown" classname="com.rediff.qa.testcases.LoginTest" time="0">
    <skipped/>
  </testcase>
  <testcase name="tearDown" classname="com.rediff.qa.testcases.LoginTest" time="0">
    <skipped/>
  </testcase>
  <testcase name="tearDown" classname="com.rediff.qa.testcases.LoginTest" time="0">
    <skipped/>
  </testcase>
  <testcase name="verifyRediffLoginWithValidUsernameAndInvalidPassword" classname="com.rediff.qa.testcases.LoginTest" time="0">
    <skipped message="java.util.concurrent.TimeoutException&#10;Build info: version: &apos;4.8.3&apos;, revision: &apos;e5e76298c3&apos;&#10;System info: os.name: &apos;Mac OS X&apos;, os.arch: &apos;x86_64&apos;, os.version: &apos;13.2&apos;, java.version: &apos;20&apos;&#10;Driver info: org.openqa.selenium.chrome.ChromeDriver&#10;Command: [d66d59964f88c3edef99bce992a7d4df, clickElement {id=011218fc-25a1-4b18-897c-cf709b6e8c4d}]&#10;Capabilities {acceptInsecureCerts: false, browserName: chrome, browserVersion: 112.0.5615.121, chrome: {chromedriverVersion: 112.0.5615.49 (bd2a7bcb881c..., userDataDir: /var/folders/0j/z18n982j24d...}, goog:chromeOptions: {debuggerAddress: localhost:61779}, networkConnectionEnabled: false, pageLoadStrategy: normal, platformName: MAC, proxy: Proxy(), se:cdp: ws://localhost:61779/devtoo..., se:cdpVersion: 112.0.5615.121, setWindowRect: true, strictFileInteractability: false, timeouts: {implicit: 0, pageLoad: 300000, script: 30000}, unhandledPromptBehavior: dismiss and notify, webauthn:extension:credBlob: true, webauthn:extension:largeBlob: true, webauthn:extension:minPinLength: true, webauthn:extension:prf: true, webauthn:virtualAuthenticators: true}&#10;Element: [[ChromeDriver: chrome on MAC (d66d59964f88c3edef99bce992a7d4df)] -&gt; class name: signin]&#10;Session ID: d66d59964f88c3edef99bce992a7d4df"/>
  </testcase>
  <testcase name="verifyRediffLoginWithEmptyUsernameAndValidPassword" classname="com.rediff.qa.testcases.LoginTest" time="0">
    <skipped message="java.util.concurrent.TimeoutException&#10;Build info: version: &apos;4.8.3&apos;, revision: &apos;e5e76298c3&apos;&#10;System info: os.name: &apos;Mac OS X&apos;, os.arch: &apos;x86_64&apos;, os.version: &apos;13.2&apos;, java.version: &apos;20&apos;&#10;Driver info: org.openqa.selenium.chrome.ChromeDriver&#10;Command: [d66d59964f88c3edef99bce992a7d4df, clickElement {id=011218fc-25a1-4b18-897c-cf709b6e8c4d}]&#10;Capabilities {acceptInsecureCerts: false, browserName: chrome, browserVersion: 112.0.5615.121, chrome: {chromedriverVersion: 112.0.5615.49 (bd2a7bcb881c..., userDataDir: /var/folders/0j/z18n982j24d...}, goog:chromeOptions: {debuggerAddress: localhost:61779}, networkConnectionEnabled: false, pageLoadStrategy: normal, platformName: MAC, proxy: Proxy(), se:cdp: ws://localhost:61779/devtoo..., se:cdpVersion: 112.0.5615.121, setWindowRect: true, strictFileInteractability: false, timeouts: {implicit: 0, pageLoad: 300000, script: 30000}, unhandledPromptBehavior: dismiss and notify, webauthn:extension:credBlob: true, webauthn:extension:largeBlob: true, webauthn:extension:minPinLength: true, webauthn:extension:prf: true, webauthn:virtualAuthenticators: true}&#10;Element: [[ChromeDriver: chrome on MAC (d66d59964f88c3edef99bce992a7d4df)] -&gt; class name: signin]&#10;Session ID: d66d59964f88c3edef99bce992a7d4df"/>
  </testcase>
  <testcase name="verifyRediffLoginWithCorrectUsernameAndEmptyPassword" classname="com.rediff.qa.testcases.LoginTest" time="0">
    <skipped message="java.util.concurrent.TimeoutException&#10;Build info: version: &apos;4.8.3&apos;, revision: &apos;e5e76298c3&apos;&#10;System info: os.name: &apos;Mac OS X&apos;, os.arch: &apos;x86_64&apos;, os.version: &apos;13.2&apos;, java.version: &apos;20&apos;&#10;Driver info: org.openqa.selenium.chrome.ChromeDriver&#10;Command: [d66d59964f88c3edef99bce992a7d4df, clickElement {id=011218fc-25a1-4b18-897c-cf709b6e8c4d}]&#10;Capabilities {acceptInsecureCerts: false, browserName: chrome, browserVersion: 112.0.5615.121, chrome: {chromedriverVersion: 112.0.5615.49 (bd2a7bcb881c..., userDataDir: /var/folders/0j/z18n982j24d...}, goog:chromeOptions: {debuggerAddress: localhost:61779}, networkConnectionEnabled: false, pageLoadStrategy: normal, platformName: MAC, proxy: Proxy(), se:cdp: ws://localhost:61779/devtoo..., se:cdpVersion: 112.0.5615.121, setWindowRect: true, strictFileInteractability: false, timeouts: {implicit: 0, pageLoad: 300000, script: 30000}, unhandledPromptBehavior: dismiss and notify, webauthn:extension:credBlob: true, webauthn:extension:largeBlob: true, webauthn:extension:minPinLength: true, webauthn:extension:prf: true, webauthn:virtualAuthenticators: true}&#10;Element: [[ChromeDriver: chrome on MAC (d66d59964f88c3edef99bce992a7d4df)] -&gt; class name: signin]&#10;Session ID: d66d59964f88c3edef99bce992a7d4df"/>
  </testcase>
  <testcase name="verifyRediffLoginWithEmptyUsernameAndEmptyPassword" classname="com.rediff.qa.testcases.LoginTest" time="0">
    <skipped message="java.util.concurrent.TimeoutException&#10;Build info: version: &apos;4.8.3&apos;, revision: &apos;e5e76298c3&apos;&#10;System info: os.name: &apos;Mac OS X&apos;, os.arch: &apos;x86_64&apos;, os.version: &apos;13.2&apos;, java.version: &apos;20&apos;&#10;Driver info: org.openqa.selenium.chrome.ChromeDriver&#10;Command: [d66d59964f88c3edef99bce992a7d4df, clickElement {id=011218fc-25a1-4b18-897c-cf709b6e8c4d}]&#10;Capabilities {acceptInsecureCerts: false, browserName: chrome, browserVersion: 112.0.5615.121, chrome: {chromedriverVersion: 112.0.5615.49 (bd2a7bcb881c..., userDataDir: /var/folders/0j/z18n982j24d...}, goog:chromeOptions: {debuggerAddress: localhost:61779}, networkConnectionEnabled: false, pageLoadStrategy: normal, platformName: MAC, proxy: Proxy(), se:cdp: ws://localhost:61779/devtoo..., se:cdpVersion: 112.0.5615.121, setWindowRect: true, strictFileInteractability: false, timeouts: {implicit: 0, pageLoad: 300000, script: 30000}, unhandledPromptBehavior: dismiss and notify, webauthn:extension:credBlob: true, webauthn:extension:largeBlob: true, webauthn:extension:minPinLength: true, webauthn:extension:prf: true, webauthn:virtualAuthenticators: true}&#10;Element: [[ChromeDriver: chrome on MAC (d66d59964f88c3edef99bce992a7d4df)] -&gt; class name: signin]&#10;Session ID: d66d59964f88c3edef99bce992a7d4df"/>
  </testcase>
</testsuite>